<?xml version="1.0" encoding="UTF-8"?>
<!-- Generated by org.testng.reporters.JUnitReportReporter -->
<testsuite hostname="DESKTOP-D9JPPSF" name="Practice.Appium_Framework.TC02_Signup" tests="2" failures="0" timestamp="10 Sep 2020 05:16:08 GMT" time="31.259" errors="0">
  <testcase name="verifyLogin" time="10.464" classname="Practice.Appium_Framework.TC02_Signup"/>
  <testcase name="signUpwithGoogle" time="20.795" classname="Practice.Appium_Framework.TC02_Signup"/>
</testsuite> <!-- Practice.Appium_Framework.TC02_Signup -->
