<?xml version="1.0" encoding="UTF-8"?>
<!-- Generated by org.testng.reporters.JUnitReportReporter -->
<testsuite hostname="DESKTOP-D9JPPSF" name="Practice.Appium_Framework.TC01" tests="1" failures="0" timestamp="10 Sep 2020 05:16:08 GMT" time="13.918" errors="0">
  <testcase name="verifyMessage" time="13.918" classname="Practice.Appium_Framework.TC01"/>
</testsuite> <!-- Practice.Appium_Framework.TC01 -->
