<?xml version="1.0" encoding="UTF-8"?>
<!-- Generated by org.testng.reporters.JUnitReportReporter -->
<testsuite hostname="DESKTOP-D9JPPSF" name="Practice.Appium_Framework.TC04_VerifyBookmark" tests="2" failures="0" timestamp="10 Sep 2020 05:16:08 GMT" time="25.301" errors="0">
  <testcase name="addBookmarkTest" time="19.907" classname="Practice.Appium_Framework.TC04_VerifyBookmark"/>
  <testcase name="verifyBookmarkTest" time="5.394" classname="Practice.Appium_Framework.TC04_VerifyBookmark"/>
</testsuite> <!-- Practice.Appium_Framework.TC04_VerifyBookmark -->
