<?xml version="1.0" encoding="UTF-8"?>
<!-- Generated by org.testng.reporters.JUnitReportReporter -->
<testsuite hostname="DESKTOP-D9JPPSF" name="Practice.Appium_Framework.TC05_VerifyAddCourse" tests="2" failures="0" timestamp="10 Sep 2020 05:16:08 GMT" time="25.625" errors="0">
  <testcase name="addCourseTest" time="25.220" classname="Practice.Appium_Framework.TC05_VerifyAddCourse"/>
  <testcase name="verifyCourseTest" time="0.405" classname="Practice.Appium_Framework.TC05_VerifyAddCourse"/>
</testsuite> <!-- Practice.Appium_Framework.TC05_VerifyAddCourse -->
